controleur/ControleurCentre.java
vue/Consomation.java
Default/class_1.java
controleur/ControleurConsommateur.java
ElecTek/Provider.java
Default/Consummer.java
vue/Facture.java
controleur/ControleurCompteur.java
ElecTek/RRC.java
ElecTek/Consummer.java
vue/Connexion.java
vue/choixFournisseur.java
model/CentreLecture.java
model/Fournisseur.java
controleur/ControleurPasserelle.java
model/Consomateur.java
ElecTek/Producer.java
model/Passerelle.java
MainDefaultComponent.java
controleur/ControleurFournisseur.java
model/Compteur.java
ElecTek/Compteur.java
vue/Accueil.java
